2018-12-26 14:41:26,605 [restartedMain] INFO  c.e.x.XianyuServerApplication 50 - Starting XianyuServerApplication on DESKTOP-QF1C6IU with PID 5428 (D:\Code\java\Spring\xianyu-server\out\production\classes started by YuTengjing in D:\Code\java\Spring\xianyu-server)
2018-12-26 14:41:26,610 [restartedMain] INFO  c.e.x.XianyuServerApplication 679 - The following profiles are active: dev
2018-12-26 18:36:22,195 [restartedMain] INFO  c.e.x.XianyuServerApplication 50 - Starting XianyuServerApplication on DESKTOP-QF1C6IU with PID 4840 (D:\Code\java\Spring\xianyu-server\out\production\classes started by YuTengjing in D:\Code\java\Spring\xianyu-server)
2018-12-26 18:36:22,199 [restartedMain] INFO  c.e.x.XianyuServerApplication 679 - The following profiles are active: dev
2018-12-26 18:38:07,888 [restartedMain] INFO  c.e.x.XianyuServerApplication 50 - Starting XianyuServerApplication on DESKTOP-QF1C6IU with PID 4612 (D:\Code\java\Spring\xianyu-server\out\production\classes started by YuTengjing in D:\Code\java\Spring\xianyu-server)
2018-12-26 18:38:07,891 [restartedMain] INFO  c.e.x.XianyuServerApplication 679 - The following profiles are active: dev
2018-12-26 18:42:55,163 [restartedMain] INFO  c.e.x.XianyuServerApplication 50 - Starting XianyuServerApplication on DESKTOP-QF1C6IU with PID 7284 (D:\Code\java\Spring\xianyu-server\out\production\classes started by YuTengjing in D:\Code\java\Spring\xianyu-server)
2018-12-26 18:42:55,166 [restartedMain] INFO  c.e.x.XianyuServerApplication 679 - The following profiles are active: dev
2018-12-26 18:45:30,357 [restartedMain] INFO  c.e.x.XianyuServerApplication 50 - Starting XianyuServerApplication on DESKTOP-QF1C6IU with PID 424 (D:\Code\java\Spring\xianyu-server\out\production\classes started by YuTengjing in D:\Code\java\Spring\xianyu-server)
2018-12-26 18:45:30,360 [restartedMain] INFO  c.e.x.XianyuServerApplication 679 - The following profiles are active: dev
2018-12-26 18:47:05,810 [restartedMain] INFO  c.e.x.XianyuServerApplication 50 - Starting XianyuServerApplication on DESKTOP-QF1C6IU with PID 2608 (D:\Code\java\Spring\xianyu-server\out\production\classes started by YuTengjing in D:\Code\java\Spring\xianyu-server)
2018-12-26 18:47:05,813 [restartedMain] INFO  c.e.x.XianyuServerApplication 679 - The following profiles are active: dev
2018-12-26 18:49:36,110 [restartedMain] INFO  c.e.x.XianyuServerApplication 50 - Starting XianyuServerApplication on DESKTOP-QF1C6IU with PID 10556 (D:\Code\java\Spring\xianyu-server\out\production\classes started by YuTengjing in D:\Code\java\Spring\xianyu-server)
2018-12-26 18:49:36,113 [restartedMain] INFO  c.e.x.XianyuServerApplication 679 - The following profiles are active: dev
2018-12-26 18:49:39,724 [restartedMain] INFO  c.e.x.XianyuServerApplication 59 - Started XianyuServerApplication in 4.99 seconds (JVM running for 6.046)
2018-12-26 20:20:30,168 [restartedMain] INFO  c.e.x.XianyuServerApplication 50 - Starting XianyuServerApplication on DESKTOP-QF1C6IU with PID 10556 (D:\Code\java\Spring\xianyu-server\out\production\classes started by YuTengjing in D:\Code\java\Spring\xianyu-server)
2018-12-26 20:20:30,168 [restartedMain] INFO  c.e.x.XianyuServerApplication 679 - The following profiles are active: dev
2018-12-26 20:20:31,067 [restartedMain] INFO  c.e.x.XianyuServerApplication 59 - Started XianyuServerApplication in 0.939 seconds (JVM running for 5457.4)
2018-12-26 20:22:17,236 [restartedMain] INFO  c.e.x.XianyuServerApplication 50 - Starting XianyuServerApplication on DESKTOP-QF1C6IU with PID 13136 (D:\Code\java\Spring\xianyu-server\out\production\classes started by YuTengjing in D:\Code\java\Spring\xianyu-server)
2018-12-26 20:22:17,242 [restartedMain] INFO  c.e.x.XianyuServerApplication 679 - The following profiles are active: dev
2018-12-26 20:22:20,749 [restartedMain] INFO  c.e.x.XianyuServerApplication 59 - Started XianyuServerApplication in 4.236 seconds (JVM running for 5.329)
2018-12-26 20:52:20,359 [restartedMain] INFO  c.e.x.XianyuServerApplication 50 - Starting XianyuServerApplication on DESKTOP-QF1C6IU with PID 13136 (D:\Code\java\Spring\xianyu-server\out\production\classes started by YuTengjing in D:\Code\java\Spring\xianyu-server)
2018-12-26 20:52:20,360 [restartedMain] INFO  c.e.x.XianyuServerApplication 679 - The following profiles are active: dev
2018-12-26 20:52:21,402 [restartedMain] INFO  c.e.x.XianyuServerApplication 59 - Started XianyuServerApplication in 1.089 seconds (JVM running for 1805.982)
2018-12-26 21:02:35,628 [restartedMain] INFO  c.e.x.XianyuServerApplication 50 - Starting XianyuServerApplication on DESKTOP-QF1C6IU with PID 13136 (D:\Code\java\Spring\xianyu-server\out\production\classes started by YuTengjing in D:\Code\java\Spring\xianyu-server)
2018-12-26 21:02:35,628 [restartedMain] INFO  c.e.x.XianyuServerApplication 679 - The following profiles are active: dev
2018-12-26 21:02:50,065 [restartedMain] INFO  c.e.x.XianyuServerApplication 50 - Starting XianyuServerApplication on DESKTOP-QF1C6IU with PID 15700 (D:\Code\java\Spring\xianyu-server\out\production\classes started by YuTengjing in D:\Code\java\Spring\xianyu-server)
2018-12-26 21:02:50,068 [restartedMain] INFO  c.e.x.XianyuServerApplication 679 - The following profiles are active: dev
2018-12-26 21:02:53,882 [restartedMain] INFO  c.e.x.XianyuServerApplication 59 - Started XianyuServerApplication in 4.471 seconds (JVM running for 5.679)
2018-12-26 21:05:38,495 [restartedMain] INFO  c.e.x.XianyuServerApplication 50 - Starting XianyuServerApplication on DESKTOP-QF1C6IU with PID 15700 (D:\Code\java\Spring\xianyu-server\out\production\classes started by YuTengjing in D:\Code\java\Spring\xianyu-server)
2018-12-26 21:05:38,495 [restartedMain] INFO  c.e.x.XianyuServerApplication 679 - The following profiles are active: dev
2018-12-26 21:09:15,355 [restartedMain] INFO  c.e.x.XianyuServerApplication 50 - Starting XianyuServerApplication on DESKTOP-QF1C6IU with PID 15700 (D:\Code\java\Spring\xianyu-server\out\production\classes started by YuTengjing in D:\Code\java\Spring\xianyu-server)
2018-12-26 21:09:15,356 [restartedMain] INFO  c.e.x.XianyuServerApplication 679 - The following profiles are active: dev
2018-12-26 21:09:16,240 [restartedMain] INFO  c.e.x.XianyuServerApplication 59 - Started XianyuServerApplication in 0.925 seconds (JVM running for 388.037)
2018-12-26 21:11:40,288 [restartedMain] INFO  c.e.x.XianyuServerApplication 50 - Starting XianyuServerApplication on DESKTOP-QF1C6IU with PID 11388 (D:\Code\java\Spring\xianyu-server\out\production\classes started by YuTengjing in D:\Code\java\Spring\xianyu-server)
2018-12-26 21:11:40,310 [restartedMain] INFO  c.e.x.XianyuServerApplication 679 - The following profiles are active: dev
2018-12-26 21:11:43,452 [restartedMain] INFO  c.e.x.XianyuServerApplication 59 - Started XianyuServerApplication in 3.84 seconds (JVM running for 4.863)
2018-12-26 21:13:08,565 [restartedMain] INFO  c.e.x.XianyuServerApplication 50 - Starting XianyuServerApplication on DESKTOP-QF1C6IU with PID 11388 (D:\Code\java\Spring\xianyu-server\out\production\classes started by YuTengjing in D:\Code\java\Spring\xianyu-server)
2018-12-26 21:13:08,565 [restartedMain] INFO  c.e.x.XianyuServerApplication 679 - The following profiles are active: dev
2018-12-26 21:13:09,585 [restartedMain] INFO  c.e.x.XianyuServerApplication 59 - Started XianyuServerApplication in 1.062 seconds (JVM running for 90.996)
2018-12-26 21:13:11,368 [restartedMain] INFO  c.e.x.XianyuServerApplication 50 - Starting XianyuServerApplication on DESKTOP-QF1C6IU with PID 11388 (D:\Code\java\Spring\xianyu-server\out\production\classes started by YuTengjing in D:\Code\java\Spring\xianyu-server)
2018-12-26 21:13:11,368 [restartedMain] INFO  c.e.x.XianyuServerApplication 679 - The following profiles are active: dev
2018-12-26 21:13:12,252 [restartedMain] INFO  c.e.x.XianyuServerApplication 59 - Started XianyuServerApplication in 0.919 seconds (JVM running for 93.662)
2018-12-26 21:14:52,640 [restartedMain] INFO  c.e.x.XianyuServerApplication 50 - Starting XianyuServerApplication on DESKTOP-QF1C6IU with PID 11388 (D:\Code\java\Spring\xianyu-server\out\production\classes started by YuTengjing in D:\Code\java\Spring\xianyu-server)
2018-12-26 21:14:52,640 [restartedMain] INFO  c.e.x.XianyuServerApplication 679 - The following profiles are active: dev
2018-12-26 21:14:53,321 [restartedMain] INFO  c.e.x.XianyuServerApplication 59 - Started XianyuServerApplication in 0.718 seconds (JVM running for 194.731)
2018-12-26 21:18:35,034 [restartedMain] INFO  c.e.x.XianyuServerApplication 50 - Starting XianyuServerApplication on DESKTOP-QF1C6IU with PID 11388 (D:\Code\java\Spring\xianyu-server\out\production\classes started by YuTengjing in D:\Code\java\Spring\xianyu-server)
2018-12-26 21:18:35,035 [restartedMain] DEBUG c.e.x.XianyuServerApplication 53 - Running with Spring Boot v2.2.0.BUILD-SNAPSHOT, Spring v5.1.4.BUILD-SNAPSHOT
2018-12-26 21:18:35,035 [restartedMain] INFO  c.e.x.XianyuServerApplication 679 - The following profiles are active: dev
2018-12-26 21:18:35,680 [restartedMain] INFO  c.e.x.XianyuServerApplication 59 - Started XianyuServerApplication in 0.678 seconds (JVM running for 417.091)
2018-12-26 21:18:43,123 [http-nio-8080-exec-10] DEBUG c.e.x.controller.UserController 26 - Id 为:12345
2018-12-26 21:22:19,200 [restartedMain] INFO  c.e.x.XianyuServerApplication 50 - Starting XianyuServerApplication on DESKTOP-QF1C6IU with PID 11388 (D:\Code\java\Spring\xianyu-server\out\production\classes started by YuTengjing in D:\Code\java\Spring\xianyu-server)
2018-12-26 21:22:19,200 [restartedMain] DEBUG c.e.x.XianyuServerApplication 53 - Running with Spring Boot v2.2.0.BUILD-SNAPSHOT, Spring v5.1.4.BUILD-SNAPSHOT
2018-12-26 21:22:19,201 [restartedMain] INFO  c.e.x.XianyuServerApplication 679 - The following profiles are active: dev
2018-12-26 21:22:19,919 [restartedMain] INFO  c.e.x.XianyuServerApplication 59 - Started XianyuServerApplication in 0.751 seconds (JVM running for 641.33)
2018-12-26 21:23:37,991 [restartedMain] INFO  c.e.x.XianyuServerApplication 50 - Starting XianyuServerApplication on DESKTOP-QF1C6IU with PID 11388 (D:\Code\java\Spring\xianyu-server\out\production\classes started by YuTengjing in D:\Code\java\Spring\xianyu-server)
2018-12-26 21:23:37,992 [restartedMain] DEBUG c.e.x.XianyuServerApplication 53 - Running with Spring Boot v2.2.0.BUILD-SNAPSHOT, Spring v5.1.4.BUILD-SNAPSHOT
2018-12-26 21:23:37,992 [restartedMain] INFO  c.e.x.XianyuServerApplication 679 - The following profiles are active: dev
2018-12-26 21:23:38,787 [restartedMain] INFO  c.e.x.XianyuServerApplication 59 - Started XianyuServerApplication in 0.83 seconds (JVM running for 720.198)
2018-12-26 21:23:56,596 [restartedMain] INFO  c.e.x.XianyuServerApplication 50 - Starting XianyuServerApplication on DESKTOP-QF1C6IU with PID 11388 (D:\Code\java\Spring\xianyu-server\out\production\classes started by YuTengjing in D:\Code\java\Spring\xianyu-server)
2018-12-26 21:23:56,596 [restartedMain] DEBUG c.e.x.XianyuServerApplication 53 - Running with Spring Boot v2.2.0.BUILD-SNAPSHOT, Spring v5.1.4.BUILD-SNAPSHOT
2018-12-26 21:23:56,596 [restartedMain] INFO  c.e.x.XianyuServerApplication 679 - The following profiles are active: dev
2018-12-26 21:23:57,372 [restartedMain] INFO  c.e.x.XianyuServerApplication 59 - Started XianyuServerApplication in 0.813 seconds (JVM running for 738.782)
2018-12-26 21:56:34,151 [restartedMain] INFO  c.e.x.XianyuServerApplication 50 - Starting XianyuServerApplication on DESKTOP-QF1C6IU with PID 11388 (D:\Code\java\Spring\xianyu-server\out\production\classes started by YuTengjing in D:\Code\java\Spring\xianyu-server)
2018-12-26 21:56:34,152 [restartedMain] DEBUG c.e.x.XianyuServerApplication 53 - Running with Spring Boot v2.2.0.BUILD-SNAPSHOT, Spring v5.1.4.BUILD-SNAPSHOT
2018-12-26 21:56:34,153 [restartedMain] INFO  c.e.x.XianyuServerApplication 679 - The following profiles are active: dev
2018-12-26 21:56:34,752 [restartedMain] INFO  c.e.x.XianyuServerApplication 59 - Started XianyuServerApplication in 0.64 seconds (JVM running for 2696.162)
2018-12-26 21:59:20,229 [restartedMain] INFO  c.e.x.XianyuServerApplication 50 - Starting XianyuServerApplication on DESKTOP-QF1C6IU with PID 11388 (D:\Code\java\Spring\xianyu-server\out\production\classes started by YuTengjing in D:\Code\java\Spring\xianyu-server)
2018-12-26 21:59:20,229 [restartedMain] DEBUG c.e.x.XianyuServerApplication 53 - Running with Spring Boot v2.2.0.BUILD-SNAPSHOT, Spring v5.1.4.BUILD-SNAPSHOT
2018-12-26 21:59:20,230 [restartedMain] INFO  c.e.x.XianyuServerApplication 679 - The following profiles are active: dev
2018-12-26 21:59:20,821 [restartedMain] INFO  c.e.x.XianyuServerApplication 59 - Started XianyuServerApplication in 0.631 seconds (JVM running for 2862.232)
2018-12-26 22:02:23,589 [http-nio-8080-exec-1] DEBUG c.e.x.controller.UserController 26 - Id 为:12345
2018-12-26 22:02:26,299 [restartedMain] INFO  c.e.x.XianyuServerApplication 50 - Starting XianyuServerApplication on DESKTOP-QF1C6IU with PID 11388 (D:\Code\java\Spring\xianyu-server\out\production\classes started by YuTengjing in D:\Code\java\Spring\xianyu-server)
2018-12-26 22:02:26,299 [restartedMain] DEBUG c.e.x.XianyuServerApplication 53 - Running with Spring Boot v2.2.0.BUILD-SNAPSHOT, Spring v5.1.4.BUILD-SNAPSHOT
2018-12-26 22:02:26,300 [restartedMain] INFO  c.e.x.XianyuServerApplication 679 - The following profiles are active: dev
2018-12-26 22:02:26,921 [restartedMain] INFO  c.e.x.XianyuServerApplication 59 - Started XianyuServerApplication in 0.654 seconds (JVM running for 3048.332)
2018-12-26 22:02:28,690 [restartedMain] INFO  c.e.x.XianyuServerApplication 50 - Starting XianyuServerApplication on DESKTOP-QF1C6IU with PID 11388 (D:\Code\java\Spring\xianyu-server\out\production\classes started by YuTengjing in D:\Code\java\Spring\xianyu-server)
2018-12-26 22:02:28,690 [restartedMain] DEBUG c.e.x.XianyuServerApplication 53 - Running with Spring Boot v2.2.0.BUILD-SNAPSHOT, Spring v5.1.4.BUILD-SNAPSHOT
2018-12-26 22:02:28,690 [restartedMain] INFO  c.e.x.XianyuServerApplication 679 - The following profiles are active: dev
2018-12-26 22:02:29,304 [restartedMain] INFO  c.e.x.XianyuServerApplication 59 - Started XianyuServerApplication in 0.644 seconds (JVM running for 3050.714)
2018-12-26 22:02:32,386 [http-nio-8080-exec-10] DEBUG c.e.x.controller.UserController 27 - Id 为:12345
2018-12-26 22:08:46,382 [restartedMain] INFO  c.e.x.XianyuServerApplication 50 - Starting XianyuServerApplication on DESKTOP-QF1C6IU with PID 11388 (D:\Code\java\Spring\xianyu-server\out\production\classes started by YuTengjing in D:\Code\java\Spring\xianyu-server)
2018-12-26 22:08:46,382 [restartedMain] DEBUG c.e.x.XianyuServerApplication 53 - Running with Spring Boot v2.2.0.BUILD-SNAPSHOT, Spring v5.1.4.BUILD-SNAPSHOT
2018-12-26 22:08:46,382 [restartedMain] INFO  c.e.x.XianyuServerApplication 679 - The following profiles are active: dev
2018-12-26 22:08:47,191 [restartedMain] INFO  c.e.x.XianyuServerApplication 59 - Started XianyuServerApplication in 0.837 seconds (JVM running for 3428.601)
2018-12-26 22:09:02,019 [restartedMain] INFO  c.e.x.XianyuServerApplication 50 - Starting XianyuServerApplication on DESKTOP-QF1C6IU with PID 11388 (D:\Code\java\Spring\xianyu-server\out\production\classes started by YuTengjing in D:\Code\java\Spring\xianyu-server)
2018-12-26 22:09:02,019 [restartedMain] DEBUG c.e.x.XianyuServerApplication 53 - Running with Spring Boot v2.2.0.BUILD-SNAPSHOT, Spring v5.1.4.BUILD-SNAPSHOT
2018-12-26 22:09:02,019 [restartedMain] INFO  c.e.x.XianyuServerApplication 679 - The following profiles are active: dev
2018-12-26 22:09:02,777 [restartedMain] INFO  c.e.x.XianyuServerApplication 59 - Started XianyuServerApplication in 0.786 seconds (JVM running for 3444.188)
2018-12-26 22:29:17,769 [restartedMain] INFO  c.e.x.XianyuServerApplication 50 - Starting XianyuServerApplication on DESKTOP-QF1C6IU with PID 11388 (D:\Code\java\Spring\xianyu-server\out\production\classes started by YuTengjing in D:\Code\java\Spring\xianyu-server)
2018-12-26 22:29:17,771 [restartedMain] DEBUG c.e.x.XianyuServerApplication 53 - Running with Spring Boot v2.2.0.BUILD-SNAPSHOT, Spring v5.1.4.BUILD-SNAPSHOT
2018-12-26 22:29:17,771 [restartedMain] INFO  c.e.x.XianyuServerApplication 679 - The following profiles are active: dev
2018-12-26 22:29:18,361 [restartedMain] INFO  c.e.x.XianyuServerApplication 59 - Started XianyuServerApplication in 0.632 seconds (JVM running for 4659.772)
2018-12-26 22:31:48,758 [restartedMain] INFO  c.e.x.XianyuServerApplication 50 - Starting XianyuServerApplication on DESKTOP-QF1C6IU with PID 11388 (D:\Code\java\Spring\xianyu-server\out\production\classes started by YuTengjing in D:\Code\java\Spring\xianyu-server)
2018-12-26 22:31:48,759 [restartedMain] DEBUG c.e.x.XianyuServerApplication 53 - Running with Spring Boot v2.2.0.BUILD-SNAPSHOT, Spring v5.1.4.BUILD-SNAPSHOT
2018-12-26 22:31:48,759 [restartedMain] INFO  c.e.x.XianyuServerApplication 679 - The following profiles are active: dev
2018-12-26 22:31:49,393 [restartedMain] INFO  c.e.x.XianyuServerApplication 59 - Started XianyuServerApplication in 0.669 seconds (JVM running for 4810.804)
2018-12-26 22:48:44,164 [restartedMain] INFO  c.e.x.XianyuServerApplication 50 - Starting XianyuServerApplication on DESKTOP-QF1C6IU with PID 11388 (D:\Code\java\Spring\xianyu-server\out\production\classes started by YuTengjing in D:\Code\java\Spring\xianyu-server)
2018-12-26 22:48:44,165 [restartedMain] DEBUG c.e.x.XianyuServerApplication 53 - Running with Spring Boot v2.2.0.BUILD-SNAPSHOT, Spring v5.1.4.BUILD-SNAPSHOT
2018-12-26 22:48:44,165 [restartedMain] INFO  c.e.x.XianyuServerApplication 679 - The following profiles are active: dev
2018-12-26 22:48:44,759 [restartedMain] INFO  c.e.x.XianyuServerApplication 59 - Started XianyuServerApplication in 0.623 seconds (JVM running for 5826.17)
2018-12-26 23:05:18,980 [restartedMain] INFO  c.e.x.XianyuServerApplication 50 - Starting XianyuServerApplication on DESKTOP-QF1C6IU with PID 11388 (D:\Code\java\Spring\xianyu-server\out\production\classes started by YuTengjing in D:\Code\java\Spring\xianyu-server)
2018-12-26 23:05:18,981 [restartedMain] DEBUG c.e.x.XianyuServerApplication 53 - Running with Spring Boot v2.2.0.BUILD-SNAPSHOT, Spring v5.1.4.BUILD-SNAPSHOT
2018-12-26 23:05:18,981 [restartedMain] INFO  c.e.x.XianyuServerApplication 679 - The following profiles are active: dev
2018-12-26 23:05:19,965 [restartedMain] INFO  c.e.x.XianyuServerApplication 59 - Started XianyuServerApplication in 1.014 seconds (JVM running for 6821.376)
2018-12-26 23:20:28,985 [restartedMain] INFO  c.e.x.XianyuServerApplication 50 - Starting XianyuServerApplication on DESKTOP-QF1C6IU with PID 11388 (D:\Code\java\Spring\xianyu-server\out\production\classes started by YuTengjing in D:\Code\java\Spring\xianyu-server)
2018-12-26 23:20:28,985 [restartedMain] DEBUG c.e.x.XianyuServerApplication 53 - Running with Spring Boot v2.2.0.BUILD-SNAPSHOT, Spring v5.1.4.BUILD-SNAPSHOT
2018-12-26 23:20:28,985 [restartedMain] INFO  c.e.x.XianyuServerApplication 679 - The following profiles are active: dev
2018-12-26 23:20:29,706 [restartedMain] INFO  c.e.x.XianyuServerApplication 59 - Started XianyuServerApplication in 0.752 seconds (JVM running for 7731.116)
2018-12-26 23:20:35,592 [restartedMain] INFO  c.e.x.XianyuServerApplication 50 - Starting XianyuServerApplication on DESKTOP-QF1C6IU with PID 11388 (D:\Code\java\Spring\xianyu-server\out\production\classes started by YuTengjing in D:\Code\java\Spring\xianyu-server)
2018-12-26 23:20:35,593 [restartedMain] DEBUG c.e.x.XianyuServerApplication 53 - Running with Spring Boot v2.2.0.BUILD-SNAPSHOT, Spring v5.1.4.BUILD-SNAPSHOT
2018-12-26 23:20:35,593 [restartedMain] INFO  c.e.x.XianyuServerApplication 679 - The following profiles are active: dev
2018-12-26 23:20:36,475 [restartedMain] INFO  c.e.x.XianyuServerApplication 59 - Started XianyuServerApplication in 0.909 seconds (JVM running for 7737.886)
2018-12-26 23:29:56,279 [restartedMain] INFO  c.e.x.XianyuServerApplication 50 - Starting XianyuServerApplication on DESKTOP-QF1C6IU with PID 11388 (D:\Code\java\Spring\xianyu-server\out\production\classes started by YuTengjing in D:\Code\java\Spring\xianyu-server)
2018-12-26 23:29:56,280 [restartedMain] DEBUG c.e.x.XianyuServerApplication 53 - Running with Spring Boot v2.2.0.BUILD-SNAPSHOT, Spring v5.1.4.BUILD-SNAPSHOT
2018-12-26 23:29:56,280 [restartedMain] INFO  c.e.x.XianyuServerApplication 679 - The following profiles are active: dev
2018-12-26 23:29:57,395 [restartedMain] INFO  c.e.x.XianyuServerApplication 59 - Started XianyuServerApplication in 1.147 seconds (JVM running for 8298.805)
2018-12-26 23:30:14,285 [restartedMain] INFO  c.e.x.XianyuServerApplication 50 - Starting XianyuServerApplication on DESKTOP-QF1C6IU with PID 19696 (D:\Code\java\Spring\xianyu-server\out\production\classes started by YuTengjing in D:\Code\java\Spring\xianyu-server)
2018-12-26 23:30:14,289 [restartedMain] DEBUG c.e.x.XianyuServerApplication 53 - Running with Spring Boot v2.2.0.BUILD-SNAPSHOT, Spring v5.1.4.BUILD-SNAPSHOT
2018-12-26 23:30:14,290 [restartedMain] INFO  c.e.x.XianyuServerApplication 679 - The following profiles are active: dev
2018-12-26 23:30:18,325 [restartedMain] INFO  c.e.x.XianyuServerApplication 59 - Started XianyuServerApplication in 5.133 seconds (JVM running for 6.341)
2018-12-26 23:32:30,651 [restartedMain] INFO  c.e.x.XianyuServerApplication 50 - Starting XianyuServerApplication on DESKTOP-QF1C6IU with PID 19696 (D:\Code\java\Spring\xianyu-server\out\production\classes started by YuTengjing in D:\Code\java\Spring\xianyu-server)
2018-12-26 23:32:30,652 [restartedMain] DEBUG c.e.x.XianyuServerApplication 53 - Running with Spring Boot v2.2.0.BUILD-SNAPSHOT, Spring v5.1.4.BUILD-SNAPSHOT
2018-12-26 23:32:30,652 [restartedMain] INFO  c.e.x.XianyuServerApplication 679 - The following profiles are active: dev
2018-12-26 23:32:32,614 [restartedMain] INFO  c.e.x.XianyuServerApplication 50 - Starting XianyuServerApplication on DESKTOP-QF1C6IU with PID 19696 (D:\Code\java\Spring\xianyu-server\out\production\classes started by YuTengjing in D:\Code\java\Spring\xianyu-server)
2018-12-26 23:32:32,615 [restartedMain] DEBUG c.e.x.XianyuServerApplication 53 - Running with Spring Boot v2.2.0.BUILD-SNAPSHOT, Spring v5.1.4.BUILD-SNAPSHOT
2018-12-26 23:32:32,615 [restartedMain] INFO  c.e.x.XianyuServerApplication 679 - The following profiles are active: dev
2018-12-26 23:32:33,264 [restartedMain] INFO  c.e.x.XianyuServerApplication 59 - Started XianyuServerApplication in 0.691 seconds (JVM running for 141.281)
